<?xml version="1.0" encoding="UTF-8"?>
<!-- Generated by org.testng.reporters.JUnitXMLReporter -->
<testsuite ignored="0" hostname="ITL2L0F273" failures="0" tests="12" name="Command line test" time="5.8" errors="0" timestamp="2021-08-25T22:31:27 CAT">
  <testcase classname="android.hybrid_apps.to_dolist_tests.All_List_Test" name="@BeforeTest setUp" time="5.215">
    <failure type="org.openqa.selenium.WebDriverException" message="Connection refused: connect
Build info: version: &amp;apos;3.141.59&amp;apos;, revision: &amp;apos;e82be7d358&amp;apos;, time: &amp;apos;2018-11-14T08:17:03&amp;apos;
System info: host: &amp;apos;ITL2L0F273&amp;apos;, ip: &amp;apos;192.168.1.55&amp;apos;, os.name: &amp;apos;Windows 10&amp;apos;, os.arch: &amp;apos;amd64&amp;apos;, os.version: &amp;apos;10.0&amp;apos;, java.version: &amp;apos;11.0.11&amp;apos;
Driver info: driver.version: AndroidDriver">
      <![CDATA[org.openqa.selenium.WebDriverException: Connection refused: connect
Build info: version: '3.141.59', revision: 'e82be7d358', time: '2018-11-14T08:17:03'
System info: host: 'ITL2L0F273', ip: '192.168.1.55', os.name: 'Windows 10', os.arch: 'amd64', os.version: '10.0', java.version: '11.0.11'
Driver info: driver.version: AndroidDriver
at io.appium.java_client.remote.AppiumCommandExecutor.lambda$6(AppiumCommandExecutor.java:259)
at java.base/java.util.Optional.orElseGet(Optional.java:369)
at io.appium.java_client.remote.AppiumCommandExecutor.execute(AppiumCommandExecutor.java:258)
at org.openqa.selenium.remote.RemoteWebDriver.execute(RemoteWebDriver.java:552)
at io.appium.java_client.DefaultGenericMobileDriver.execute(DefaultGenericMobileDriver.java:41)
at io.appium.java_client.AppiumDriver.execute(AppiumDriver.java:1)
at io.appium.java_client.android.AndroidDriver.execute(AndroidDriver.java:1)
at org.openqa.selenium.remote.RemoteWebDriver.startSession(RemoteWebDriver.java:213)
at io.appium.java_client.AppiumDriver.startSession(AppiumDriver.java:338)
at org.openqa.selenium.remote.RemoteWebDriver.<init>(RemoteWebDriver.java:131)
at io.appium.java_client.DefaultGenericMobileDriver.<init>(DefaultGenericMobileDriver.java:37)
at io.appium.java_client.AppiumDriver.<init>(AppiumDriver.java:89)
at io.appium.java_client.AppiumDriver.<init>(AppiumDriver.java:99)
at io.appium.java_client.android.AndroidDriver.<init>(AndroidDriver.java:96)
at base.TestBase.platform(TestBase.java:71)
at android.hybrid_apps.to_dolist_tests.All_List_Test.setUp(All_List_Test.java:16)
Caused by: java.net.ConnectException: Connection refused: connect
at java.base/java.net.PlainSocketImpl.waitForConnect(Native Method)
at java.base/java.net.PlainSocketImpl.socketConnect(PlainSocketImpl.java:107)
at java.base/java.net.AbstractPlainSocketImpl.doConnect(AbstractPlainSocketImpl.java:399)
at java.base/java.net.AbstractPlainSocketImpl.connectToAddress(AbstractPlainSocketImpl.java:242)
at java.base/java.net.AbstractPlainSocketImpl.connect(AbstractPlainSocketImpl.java:224)
at java.base/java.net.SocksSocketImpl.connect(SocksSocketImpl.java:392)
at java.base/java.net.Socket.connect(Socket.java:608)
at okhttp3.internal.platform.Platform.connectSocket(Platform.java:129)
at okhttp3.internal.connection.RealConnection.connectSocket(RealConnection.java:245)
at okhttp3.internal.connection.RealConnection.connect(RealConnection.java:165)
at okhttp3.internal.connection.StreamAllocation.findConnection(StreamAllocation.java:257)
at okhttp3.internal.connection.StreamAllocation.findHealthyConnection(StreamAllocation.java:135)
at okhttp3.internal.connection.StreamAllocation.newStream(StreamAllocation.java:114)
at okhttp3.internal.connection.ConnectInterceptor.intercept(ConnectInterceptor.java:42)
at okhttp3.internal.http.RealInterceptorChain.proceed(RealInterceptorChain.java:147)
at okhttp3.internal.http.RealInterceptorChain.proceed(RealInterceptorChain.java:121)
at okhttp3.internal.cache.CacheInterceptor.intercept(CacheInterceptor.java:93)
at okhttp3.internal.http.RealInterceptorChain.proceed(RealInterceptorChain.java:147)
at okhttp3.internal.http.RealInterceptorChain.proceed(RealInterceptorChain.java:121)
at okhttp3.internal.http.BridgeInterceptor.intercept(BridgeInterceptor.java:93)
at okhttp3.internal.http.RealInterceptorChain.proceed(RealInterceptorChain.java:147)
at okhttp3.internal.http.RetryAndFollowUpInterceptor.intercept(RetryAndFollowUpInterceptor.java:126)
at okhttp3.internal.http.RealInterceptorChain.proceed(RealInterceptorChain.java:147)
at okhttp3.internal.http.RealInterceptorChain.proceed(RealInterceptorChain.java:121)
at okhttp3.RealCall.getResponseWithInterceptorChain(RealCall.java:200)
at okhttp3.RealCall.execute(RealCall.java:77)
at org.openqa.selenium.remote.internal.OkHttpClient.execute(OkHttpClient.java:103)
at io.appium.java_client.remote.AppiumCommandExecutor.lambda$1(AppiumCommandExecutor.java:162)
at org.openqa.selenium.remote.ProtocolHandshake.createSession(ProtocolHandshake.java:105)
at io.appium.java_client.remote.AppiumCommandExecutor$1.createSession(AppiumCommandExecutor.java:193)
at io.appium.java_client.remote.AppiumCommandExecutor.createSession(AppiumCommandExecutor.java:225)
at io.appium.java_client.remote.AppiumCommandExecutor.execute(AppiumCommandExecutor.java:247)
... 47 more
... Removed 38 stack frames]]>
    </failure>
  </testcase> <!-- @BeforeTest setUp -->
  <testcase classname="android.hybrid_apps.apiDemos.App_Test" name="@BeforeTest setUp" time="-1.629923486536E9">
    <skipped/>
  </testcase> <!-- @BeforeTest setUp -->
  <testcase classname="android.hybrid_apps.apiDemos.ClipBoard_Test" name="@BeforeTest setUp" time="-1.629923486537E9">
    <skipped/>
  </testcase> <!-- @BeforeTest setUp -->
  <testcase classname="android.native_app.Photo_Test" name="@BeforeTest setUp" time="-1.629923486542E9">
    <skipped/>
  </testcase> <!-- @BeforeTest setUp -->
  <testcase classname="android.hybrid_apps.seredroid.Serendroid_App_Test" name="@BeforeTest setUp" time="-1.629923486543E9">
    <skipped/>
  </testcase> <!-- @BeforeTest setUp -->
  <testcase classname="ios.hybrid_app.Ios_Safari_Real_Device_Test" name="@AfterMethod tearDown" time="-1.629923487098E9">
    <skipped/>
  </testcase> <!-- @AfterMethod tearDown -->
  <testcase classname="android.hybrid_apps.apiDemos.App_Test" name="appTest" time="0.0">
    <skipped/>
  </testcase> <!-- appTest -->
  <testcase classname="android.hybrid_apps.apiDemos.ClipBoard_Test" name="clipboard_Test" time="0.0">
    <skipped/>
  </testcase> <!-- clipboard_Test -->
  <testcase classname="android.hybrid_apps.apiDemos.Drag_Drop_Test" name="drag_DropTest" time="0.0">
    <skipped/>
  </testcase> <!-- drag_DropTest -->
  <testcase classname="android.hybrid_apps.apiDemos.Gallery_Test" name="drag_DropTest" time="0.0">
    <skipped/>
  </testcase> <!-- drag_DropTest -->
  <testcase classname="android.hybrid_apps.apiDemos.View_Test" name="viewTest" time="0.0">
    <skipped/>
  </testcase> <!-- viewTest -->
  <testcase classname="android.hybrid_apps.seredroid.Serendroid_App_Test" name="run_seredroid" time="0.0">
    <skipped/>
  </testcase> <!-- run_seredroid -->
  <testcase classname="android.hybrid_apps.to_dolist_tests.All_List_Test" name="to_do" time="0.0">
    <skipped/>
  </testcase> <!-- to_do -->
  <testcase classname="android.native_app.Photo_Test" name="photo_" time="0.0">
    <skipped/>
  </testcase> <!-- photo_ -->
  <testcase classname="android.native_app.SMS_Test" name="sms_" time="0.0">
    <skipped/>
  </testcase> <!-- sms_ -->
  <testcase classname="android.web_app.Mobile_Web_Test" name="mobile_web" time="0.0">
    <skipped/>
  </testcase> <!-- mobile_web -->
  <testcase classname="ios.hybrid_app.Ios_Safari_Real_Device_Test" name="run_real_device" time="0.0">
    <skipped/>
  </testcase> <!-- run_real_device -->
  <testcase classname="ios.web_app.Mobile_Web_Test" name="mobile_web" time="0.0">
    <skipped/>
  </testcase> <!-- mobile_web -->
</testsuite> <!-- Command line test -->
