<?xml version="1.0" encoding="UTF-8"?>
<testng-results skipped="0" failed="0" ignored="0" total="1" passed="1">
  <reporter-output>
  </reporter-output>
  <suite name="All Test Suite" duration-ms="20689" started-at="2021-08-25T22:17:42 CAT" finished-at="2021-08-25T22:18:03 CAT">
    <groups>
      <group name="cucumber">
        <method signature="AbstractTestNGCucumberTests.runScenario(io.cucumber.testng.PickleWrapper,io.cucumber.testng.FeatureWrapper)[pri:0, instance:android.hybrid_apps.apiDemos.App_Test@7a3d45bd]" name="runScenario" class="io.cucumber.testng.AbstractTestNGCucumberTests"/>
      </group> <!-- cucumber -->
    </groups>
    <test name="C:/Users/MIgwe/Documents/MyStuffs/My_Intellj_Projects/Appium_Project/src/test/java/android" duration-ms="20689" started-at="2021-08-25T22:17:42 CAT" finished-at="2021-08-25T22:18:03 CAT">
      <class name="android.hybrid_apps.apiDemos.App_Test">
        <test-method status="PASS" signature="setUp()[pri:0, instance:android.hybrid_apps.apiDemos.App_Test@7a3d45bd]" name="setUp" is-config="true" duration-ms="15519" started-at="2021-08-25T22:17:42 CAT" finished-at="2021-08-25T22:17:57 CAT">
          <reporter-output>
          </reporter-output>
        </test-method> <!-- setUp -->
        <test-method status="PASS" signature="setUpClass()[pri:0, instance:android.hybrid_apps.apiDemos.App_Test@7a3d45bd]" name="setUpClass" is-config="true" duration-ms="287" started-at="2021-08-25T22:17:57 CAT" finished-at="2021-08-25T22:17:58 CAT">
          <reporter-output>
          </reporter-output>
        </test-method> <!-- setUpClass -->
        <test-method status="PASS" signature="appTest()[pri:0, instance:android.hybrid_apps.apiDemos.App_Test@7a3d45bd]" name="appTest" duration-ms="4759" started-at="2021-08-25T22:17:58 CAT" finished-at="2021-08-25T22:18:03 CAT">
          <reporter-output>
          </reporter-output>
        </test-method> <!-- appTest -->
        <test-method status="PASS" signature="tearDownClass()[pri:0, instance:android.hybrid_apps.apiDemos.App_Test@7a3d45bd]" name="tearDownClass" is-config="true" duration-ms="14" started-at="2021-08-25T22:18:03 CAT" finished-at="2021-08-25T22:18:03 CAT">
          <reporter-output>
          </reporter-output>
        </test-method> <!-- tearDownClass -->
      </class> <!-- android.hybrid_apps.apiDemos.App_Test -->
    </test> <!-- C:/Users/MIgwe/Documents/MyStuffs/My_Intellj_Projects/Appium_Project/src/test/java/android -->
  </suite> <!-- All Test Suite -->
</testng-results>
