<?xml version="1.0" encoding="UTF-8"?>
<!-- Generated by org.testng.reporters.JUnitReportReporter -->
<testsuite hostname="ITL2L0F273" failures="0" tests="1" name="android.hybrid_apps.seredroid.Serendroid_App_Test" time="0.000" errors="0" timestamp="2021-08-25T22:31:27 CAT" skipped="1">
  <testcase classname="android.hybrid_apps.seredroid.Serendroid_App_Test" name="run_seredroid" time="0.000">
    <skipped/>
  </testcase> <!-- run_seredroid -->
  <system-out/>
</testsuite> <!-- android.hybrid_apps.seredroid.Serendroid_App_Test -->
